[15:45:54] [main/INFO]: Loading Minecraft 1.20.4 with Fabric Loader 0.16.3
[15:45:54] [main/INFO]: Loading 65 mods:
	- architectury 11.1.17
	- bsroleplay 1.7.5-1.20.4
	- camerapture 1.6.4
	   \-- io_github_darkxanter_webp-imageio 0.3.2
	- cloth-config 13.0.138
	   \-- cloth-basic-math 0.6.1
	- customnpcs 1.0.0
	- entityculling 1.7.4
	- fabric-api 0.97.2+1.20.4
	   |-- fabric-api-base 0.4.37+78d798af4f
	   |-- fabric-api-lookup-api-v1 1.6.50+82b1bb3e4f
	   |-- fabric-biome-api-v1 13.0.17+78d798af4f
	   |-- fabric-block-api-v1 1.0.17+3e2216cb4f
	   |-- fabric-block-view-api-v2 1.0.5+78d798af4f
	   |-- fabric-blockrenderlayer-v1 1.1.47+78d798af4f
	   |-- fabric-client-tags-api-v1 1.1.8+78d798af4f
	   |-- fabric-command-api-v1 1.2.42+f71b366f4f
	   |-- fabric-command-api-v2 2.2.21+78d798af4f
	   |-- fabric-commands-v0 0.2.59+df3654b34f
	   |-- fabric-containers-v0 0.1.88+df3654b34f
	   |-- fabric-content-registries-v0 5.0.16+78d798af4f
	   |-- fabric-convention-tags-v1 1.5.11+78d798af4f
	   |-- fabric-crash-report-info-v1 0.2.24+78d798af4f
	   |-- fabric-data-attachment-api-v1 1.1.5+b90db5744f
	   |-- fabric-data-generation-api-v1 13.2.6+5c0133444f
	   |-- fabric-dimensions-v1 2.1.63+6605d1a84f
	   |-- fabric-entity-events-v1 1.6.2+09fc25014f
	   |-- fabric-events-interaction-v0 0.7.2+389931eb4f
	   |-- fabric-events-lifecycle-v0 0.2.75+df3654b34f
	   |-- fabric-game-rule-api-v1 1.0.47+78d798af4f
	   |-- fabric-item-api-v1 2.3.0+bcdd12964f
	   |-- fabric-item-group-api-v1 4.0.27+ee30b13a4f
	   |-- fabric-key-binding-api-v1 1.0.42+78d798af4f
	   |-- fabric-keybindings-v0 0.2.40+df3654b34f
	   |-- fabric-lifecycle-events-v1 2.3.1+a67ffb5d4f
	   |-- fabric-loot-api-v2 2.1.10+78d798af4f
	   |-- fabric-message-api-v1 6.0.6+78d798af4f
	   |-- fabric-mining-level-api-v1 2.1.66+78d798af4f
	   |-- fabric-model-loading-api-v1 1.0.9+78d798af4f
	   |-- fabric-models-v0 0.4.8+9386d8a74f
	   |-- fabric-networking-api-v1 3.1.9+6abb6a4b4f
	   |-- fabric-object-builder-api-v1 13.1.0+dba1195c4f
	   |-- fabric-particles-v1 1.1.8+78d798af4f
	   |-- fabric-recipe-api-v1 2.0.22+78d798af4f
	   |-- fabric-registry-sync-v0 4.0.21+ee30b13a4f
	   |-- fabric-renderer-api-v1 3.2.5+78d798af4f
	   |-- fabric-renderer-indigo 1.5.6+d331d3144f
	   |-- fabric-renderer-registries-v1 3.2.54+df3654b34f
	   |-- fabric-rendering-data-attachment-v1 0.3.43+73761d2e4f
	   |-- fabric-rendering-fluids-v1 3.1.2+e761c6694f
	   |-- fabric-rendering-v0 1.1.57+df3654b34f
	   |-- fabric-rendering-v1 3.2.1+6fd945a04f
	   |-- fabric-resource-conditions-api-v1 2.3.15+78d798af4f
	   |-- fabric-resource-loader-v0 0.11.21+ee30b13a4f
	   |-- fabric-screen-api-v1 2.0.18+78d798af4f
	   |-- fabric-screen-handler-api-v1 1.3.57+78d798af4f
	   |-- fabric-sound-api-v1 1.0.18+78d798af4f
	   |-- fabric-transfer-api-v1 4.0.12+90f2d7b14f
	   \-- fabric-transitive-access-wideners-v1 5.0.15+78d798af4f
	- fabricloader 0.16.3
	   \-- mixinextras 0.4.1
	- ferritecore 6.0.3
	- geckolib 4.4.4
	   \-- com_eliotlash_mclib_mclib 20
	- invview 1.4.14-1.20.4+
	   |-- fabric-permissions-api-v0 0.2-SNAPSHOT
	   \-- sgui 1.3.0+1.20.2
	- java 21
	- lexiconfig 1.4.18
	   |-- com_electronwill_night-config_core 3.6.6
	   \-- com_electronwill_night-config_toml 3.6.6
	- lithium 0.12.1
	- minecraft 1.20.4
	- mr_guns 4.4
	- mr_ketkets_playershops 1
	- pfm 1.4.2
	- simpleradio 3.4.6
	   \-- mixinextras 0.4.1
	- voicechat 1.20.4-2.5.22
	   \-- fabric-key-binding-api-v1 1.0.39+f4b7e42432
[15:45:54] [main/INFO]: SpongePowered MIXIN Subsystem Version=0.8.7 Source=file:/workspaces/Bayville-9.0.1/servidor_minecraft/libraries/net/fabricmc/sponge-mixin/0.15.2+mixin.0.8.7/sponge-mixin-0.15.2+mixin.0.8.7.jar Service=Knot/Fabric Env=SERVER
[15:45:55] [main/INFO]: Compatibility level set to JAVA_16
[15:45:55] [main/INFO]: Compatibility level set to JAVA_17
[15:45:55] [main/INFO]: Loaded configuration file for Lithium: 129 options available, 1 override(s) found
[15:45:55] [main/WARN]: Force-disabling mixin 'alloc.blockstate.StateMixin' as rule 'mixin.alloc.blockstate' (added by mods [ferritecore]) disables it and children
[15:45:55] [main/WARN]: Error loading class: com/nhoryzon/mc/farmersdelight/entity/block/CookingPotBlockEntity (java.lang.ClassNotFoundException: com/nhoryzon/mc/farmersdelight/entity/block/CookingPotBlockEntity)
[15:45:55] [main/WARN]: Error loading class: net/blay09/mods/cookingforblockheads/crafting/KitchenImpl (java.lang.ClassNotFoundException: net/blay09/mods/cookingforblockheads/crafting/KitchenImpl)
[15:45:55] [main/INFO]: Initializing MixinExtras via com.llamalad7.mixinextras.service.MixinExtrasServiceImpl(version=0.4.1).
[15:46:02] [main/INFO]: Registering Item Groups for bsroleplay
[15:46:02] [main/INFO]: Registering Mod Items for bsroleplay
[15:46:02] [main/INFO]: Registering Sounds for bsroleplay
[15:46:02] [main/INFO]: Registering Screen Handlers for bsroleplay
[15:46:02] [main/INFO]: Registering ModBlocks for bsroleplay
[15:46:02] [main/ERROR]: No data fixer registered for picture_frame
[15:46:02] [main/ERROR]: No data fixer registered for tileblockanvil
[15:46:02] [main/ERROR]: No data fixer registered for tilenpcborder
[15:46:02] [main/ERROR]: No data fixer registered for tilenpcbuilder
[15:46:02] [main/ERROR]: No data fixer registered for tilenpccopy
[15:46:02] [main/ERROR]: No data fixer registered for tilemailbox
[15:46:02] [main/ERROR]: No data fixer registered for tileredstoneblock
[15:46:02] [main/ERROR]: No data fixer registered for tilenpcscripted
[15:46:02] [main/ERROR]: No data fixer registered for tilenpcscripteddoor
[15:46:02] [main/ERROR]: No data fixer registered for tilewaypoint
[15:46:02] [main/ERROR]: No data fixer registered for customnpcs:npcpony
[15:46:02] [main/ERROR]: No data fixer registered for customnpcs:npccrystal
[15:46:02] [main/ERROR]: No data fixer registered for customnpcs:npcslime
[15:46:02] [main/ERROR]: No data fixer registered for customnpcs:npcdragon
[15:46:02] [main/ERROR]: No data fixer registered for customnpcs:npcgolem
[15:46:02] [main/ERROR]: No data fixer registered for customnpcs:customnpc
[15:46:02] [main/ERROR]: No data fixer registered for customnpcs:customnpc64x32
[15:46:02] [main/ERROR]: No data fixer registered for customnpcs:customnpcalex
[15:46:02] [main/ERROR]: No data fixer registered for customnpcs:customnpcclassic
[15:46:02] [main/ERROR]: No data fixer registered for customnpcs:customnpcchairmount
[15:46:02] [main/ERROR]: No data fixer registered for customnpcs:customnpcprojectile
[15:46:03] [main/INFO]: Beginning lexicon shelving!
[15:46:03] [main/INFO]: Shelved lexicon com.codinglitch.simpleradio.SimpleRadioServerConfig@3490bfed!
[15:46:03] [main/INFO]: Shelved lexicon com.codinglitch.simpleradio.SimpleRadioClientConfig@189fcd0!
[15:46:03] [main/INFO]: Cataloging lexicon com.codinglitch.simpleradio.SimpleRadioServerConfig@3490bfed!
[15:46:03] [main/INFO]: Cataloging lexicon com.codinglitch.simpleradio.SimpleRadioClientConfig@189fcd0!
[15:46:03] [main/INFO]: Lexiconfig cataloging completed!
[15:46:03] [ForkJoinPool.commonPool-worker-1/INFO]: [Paladin's Furniture Update Check] Cached update file detected, using that!
[15:46:03] [main/ERROR]: No data fixer registered for chair
[15:46:03] [main/ERROR]: No data fixer registered for wire
[15:46:03] [main/INFO]: [voicechat] Compatibility version 18
[15:46:03] [main/INFO]: [voicechat] Loading plugins
[15:46:03] [main/INFO]: [voicechat] Loaded 1 plugin(s)
[15:46:03] [main/INFO]: [voicechat] Initializing plugins
[15:46:03] [main/INFO]: [voicechat] Initialized 1 plugin(s)
[15:46:03] [main/INFO]: [voicechat] Registering events for 'simpleradio'
[15:46:03] [main/WARN]: Found block type with duplicate id (minecraft:oak), skipping
[15:46:03] [main/WARN]: You specified a resource pack without providing a sha1 hash. Pack will be updated on the client only if you change the name of the pack.
[15:46:03] [main/WARN]: resource-pack-id missing, using default of 055f64aa-37df-344f-81fb-0f27ede395ab
[15:46:03] [main/INFO]: Environment: Environment[sessionHost=https://sessionserver.mojang.com, servicesHost=https://api.minecraftservices.com, name=PROD]
[15:46:04] [main/INFO]: Data Hash for Game Data and Variant List matched, skipping generation
[15:46:05] [Worker-Main-1/ERROR]: Couldn't load tag minecraft:non_underwater_blocks as it is missing following references: minecraft:grass (from mr_guns)
[15:46:06] [main/WARN]: Found loot table element validation problem in {loot_tables:minecraft:entities/wither}.pools[1].entries[0]: Unknown loot table called vanilla:entities/wither
[15:46:06] [main/WARN]: Found loot table element validation problem in {loot_tables:minecraft:entities/ender_dragon}.pools[1].entries[0]: Unknown loot table called minecraft:entities/reference/mmh/ender_dragon
[15:46:06] [main/INFO]: Loaded 9 recipes
[15:46:06] [main/INFO]: Loaded 1627 advancements
[15:46:07] [main/INFO]: Applied 0 biome modifications to 0 of 64 new biomes in 1.561 ms
[15:46:07] [Server thread/INFO]: Starting minecraft server version 1.20.4
[15:46:07] [Server thread/INFO]: Loading properties
[15:46:07] [Server thread/INFO]: Default game type: SURVIVAL
[15:46:07] [Server thread/INFO]: Generating keypair
[15:46:07] [Server thread/INFO]: Starting Minecraft server on *:25565
[15:46:07] [Server thread/INFO]: Using epoll channel type
[15:46:07] [Server thread/WARN]: **** SERVER IS RUNNING IN OFFLINE/INSECURE MODE!
[15:46:07] [Server thread/WARN]: The server will make no attempt to authenticate usernames. Beware.
[15:46:07] [Server thread/WARN]: While this makes the game possible to play without internet access, it also opens up the ability for hackers to connect with any username they choose.
[15:46:07] [Server thread/WARN]: To change this, set "online-mode" to "true" in the server.properties file.
[15:46:07] [Server thread/INFO]: Preparing level "world"
[15:46:07] [Server thread/INFO]: Preparing start region for dimension minecraft:overworld
[15:46:11] [Worker-Main-1/INFO]: menu.preparingSpawn
[15:46:11] [Worker-Main-3/INFO]: menu.preparingSpawn
[15:46:11] [Worker-Main-2/INFO]: menu.preparingSpawn
[15:46:11] [Worker-Main-2/INFO]: menu.preparingSpawn
[15:46:11] [Worker-Main-2/INFO]: menu.preparingSpawn
[15:46:11] [Worker-Main-2/INFO]: menu.preparingSpawn
[15:46:11] [Worker-Main-2/INFO]: menu.preparingSpawn
[15:46:11] [Worker-Main-1/INFO]: menu.preparingSpawn
[15:46:11] [Worker-Main-3/INFO]: menu.preparingSpawn
[15:46:12] [Worker-Main-3/INFO]: menu.preparingSpawn
[15:46:13] [Server thread/INFO]: menu.preparingSpawn
[15:46:13] [Server thread/INFO]: Time elapsed: 5389 ms
[15:46:13] [Server thread/INFO]: Done (5.662s)! For help, type "help"
[15:46:13] [Server thread/WARN]: [voicechat] Running in offline mode - Voice chat encryption is not secure!
[15:46:13] [VoiceChatServerThread/ERROR]: [voicechat] Failed to parse bind IP address 'event-speeches.gl.at.ply.gg:2810'
java.net.UnknownHostException: event-speeches.gl.at.ply.gg:2810: invalid IPv6 address literal
	at java.net.InetAddress.invalidIPv6LiteralException(InetAddress.java:1693) ~[?:?]
	at java.net.InetAddress.getAllByName(InetAddress.java:1663) ~[?:?]
	at java.net.InetAddress.getByName(InetAddress.java:1568) ~[?:?]
	at de.maxhenkel.voicechat.plugins.impl.VoicechatSocketImpl.open(VoicechatSocketImpl.java:25) ~[voicechat-fabric-1.20.4-2.5.22.jar:?]
	at de.maxhenkel.voicechat.voice.server.Server.run(Server.java:102) ~[voicechat-fabric-1.20.4-2.5.22.jar:?]
[15:46:13] [VoiceChatServerThread/INFO]: [voicechat] Binding to wildcard IP address
[15:46:13] [VoiceChatServerThread/INFO]: [voicechat] Voice chat server started at event-speeches.gl.at.ply.gg:2810:2810
[15:46:26] [Server thread/INFO]: Steve[/127.14.89.114:36147] logged in with entity id 352 at (-76.47204009686206, 11.0, 328.1322994452731)
[15:46:26] [Server thread/INFO]: [voicechat] Using Fabric Permissions API
[15:46:26] [Server thread/INFO]: multiplayer.player.joined
[15:46:29] [Server thread/INFO]: [voicechat] Received secret request of Steve (18)
[15:46:29] [Server thread/INFO]: [voicechat] Sent secret to Steve
[15:46:34] [VoiceChatPacketProcessingThread/INFO]: [voicechat] Successfully authenticated player 5627dd98-e6be-3c21-b8a8-e92344183641
[15:46:35] [VoiceChatPacketProcessingThread/INFO]: [voicechat] Successfully validated connection of player 5627dd98-e6be-3c21-b8a8-e92344183641
[15:46:35] [VoiceChatPacketProcessingThread/INFO]: [voicechat] Player Steve (5627dd98-e6be-3c21-b8a8-e92344183641) successfully connected to voice chat
[15:50:00] [Server thread/INFO]: Imran330[/127.14.89.114:56669] logged in with entity id 358 at (-89.93667583308637, 13.5, 220.96043853821467)
[15:50:00] [Server thread/INFO]: multiplayer.player.joined
[15:50:01] [Server thread/INFO]: [voicechat] Received secret request of Imran330 (18)
[15:50:01] [Server thread/INFO]: [voicechat] Sent secret to Imran330
[15:50:08] [VoiceChatPacketProcessingThread/INFO]: [voicechat] Successfully authenticated player 4b534696-23d8-32b0-8c62-0fe0fb8fc407
[15:50:09] [VoiceChatPacketProcessingThread/INFO]: [voicechat] Successfully validated connection of player 4b534696-23d8-32b0-8c62-0fe0fb8fc407
[15:50:09] [VoiceChatPacketProcessingThread/INFO]: [voicechat] Player Imran330 (4b534696-23d8-32b0-8c62-0fe0fb8fc407) successfully connected to voice chat
[15:50:31] [Server thread/INFO]: chat.type.admin
[15:50:49] [Server thread/INFO]: chat.type.admin
[15:51:52] [Server thread/INFO]: chat.type.admin
[15:51:57] [Server thread/INFO]: chat.type.admin
[15:55:23] [Server thread/INFO]: chat.type.admin
[15:57:00] [Server thread/INFO]: Villager class_1646['entity.minecraft.villager.none'/491, l='ServerLevel[Bayville]', x=-196.10, y=15.43, z=254.50] died, message: 'death.attack.genericKill'
[15:58:34] [Server thread/INFO]: chat.type.advancement.challenge
[15:58:48] [Server thread/INFO]: chat.type.admin
[15:59:01] [Server thread/INFO]: chat.type.admin
[15:59:26] [Server thread/INFO]: chat.type.advancement.goal
[15:59:50] [VoiceChatPacketProcessingThread/INFO]: [voicechat] Player 5627dd98-e6be-3c21-b8a8-e92344183641 timed out
[15:59:50] [VoiceChatPacketProcessingThread/INFO]: [voicechat] Reconnecting player Steve
[15:59:50] [VoiceChatPacketProcessingThread/INFO]: [voicechat] Sent secret to Steve
[15:59:50] [VoiceChatPacketProcessingThread/INFO]: [voicechat] Player 4b534696-23d8-32b0-8c62-0fe0fb8fc407 timed out
[15:59:50] [VoiceChatPacketProcessingThread/INFO]: [voicechat] Reconnecting player Imran330
[15:59:50] [VoiceChatPacketProcessingThread/INFO]: [voicechat] Sent secret to Imran330
[15:59:57] [Server thread/INFO]: Steve lost connection: disconnect.timeout
[15:59:57] [Server thread/INFO]: multiplayer.player.left
[15:59:57] [Server thread/INFO]: [voicechat] Disconnecting client Steve
[15:59:57] [Server thread/WARN]: handleDisconnection() called twice
[16:00:01] [Server thread/INFO]: Imran330 lost connection: disconnect.timeout
[16:00:01] [Server thread/INFO]: multiplayer.player.left
[16:00:01] [Server thread/INFO]: [voicechat] Disconnecting client Imran330
[16:05:41] [Server thread/INFO]: Steve[/127.14.89.114:37727] logged in with entity id 744 at (-84.180090594878, 12.0, 269.76365369184515)
[16:05:41] [Server thread/INFO]: multiplayer.player.joined
[16:05:41] [Server thread/INFO]: [voicechat] Received secret request of Steve (18)
[16:05:41] [Server thread/INFO]: [voicechat] Sent secret to Steve
[16:05:42] [VoiceChatPacketProcessingThread/INFO]: [voicechat] Successfully authenticated player 5627dd98-e6be-3c21-b8a8-e92344183641
[16:05:43] [VoiceChatPacketProcessingThread/INFO]: [voicechat] Successfully validated connection of player 5627dd98-e6be-3c21-b8a8-e92344183641
[16:05:43] [VoiceChatPacketProcessingThread/INFO]: [voicechat] Player Steve (5627dd98-e6be-3c21-b8a8-e92344183641) successfully connected to voice chat
[16:06:03] [Server thread/INFO]: Bbsito[/127.14.89.114:50125] logged in with entity id 747 at (-34.5, 13.0, 194.5)
[16:06:03] [Server thread/INFO]: multiplayer.player.joined
[16:06:05] [Server thread/INFO]: [voicechat] Received secret request of Bbsito (18)
[16:06:05] [Server thread/INFO]: [voicechat] Sent secret to Bbsito
[16:06:07] [Server thread/INFO]: Villager class_1646['entity.minecraft.villager.none'/764, l='ServerLevel[Bayville]', x=5.50, y=4.00, z=166.50] died, message: 'death.attack.genericKill'
[16:06:07] [VoiceChatPacketProcessingThread/INFO]: [voicechat] Successfully authenticated player e316124a-721f-3a21-ab63-ccdb05916ebe
[16:06:08] [VoiceChatPacketProcessingThread/INFO]: [voicechat] Successfully validated connection of player e316124a-721f-3a21-ab63-ccdb05916ebe
[16:06:08] [VoiceChatPacketProcessingThread/INFO]: [voicechat] Player Bbsito (e316124a-721f-3a21-ab63-ccdb05916ebe) successfully connected to voice chat
[16:06:11] [Server thread/INFO]: Bbsito lost connection: multiplayer.disconnect.generic
[16:06:11] [Server thread/INFO]: multiplayer.player.left
[16:06:11] [Server thread/INFO]: [voicechat] Disconnecting client Bbsito
[16:07:05] [Server thread/INFO]: Imran330[/127.14.89.114:37357] logged in with entity id 830 at (-84.68153918375128, 12.0, 267.3418997986498)
[16:07:05] [Server thread/INFO]: multiplayer.player.joined
[16:07:05] [Server thread/INFO]: [voicechat] Received secret request of Imran330 (18)
[16:07:05] [Server thread/INFO]: [voicechat] Sent secret to Imran330
[16:07:06] [VoiceChatPacketProcessingThread/INFO]: [voicechat] Successfully authenticated player 4b534696-23d8-32b0-8c62-0fe0fb8fc407
[16:07:08] [VoiceChatPacketProcessingThread/INFO]: [voicechat] Successfully validated connection of player 4b534696-23d8-32b0-8c62-0fe0fb8fc407
[16:07:08] [VoiceChatPacketProcessingThread/INFO]: [voicechat] Player Imran330 (4b534696-23d8-32b0-8c62-0fe0fb8fc407) successfully connected to voice chat
[16:08:29] [Server thread/INFO]: chat.type.admin
[16:08:38] [Server thread/INFO]: Bbsito[/127.14.89.114:33929] logged in with entity id 893 at (-35.5, 14.0, 163.5)
[16:08:38] [Server thread/INFO]: multiplayer.player.joined
[16:08:40] [Server thread/INFO]: [voicechat] Received secret request of Bbsito (18)
[16:08:40] [Server thread/INFO]: [voicechat] Sent secret to Bbsito
[16:08:42] [VoiceChatPacketProcessingThread/INFO]: [voicechat] Successfully authenticated player e316124a-721f-3a21-ab63-ccdb05916ebe
[16:08:43] [VoiceChatPacketProcessingThread/INFO]: [voicechat] Successfully validated connection of player e316124a-721f-3a21-ab63-ccdb05916ebe
[16:08:43] [VoiceChatPacketProcessingThread/INFO]: [voicechat] Player Bbsito (e316124a-721f-3a21-ab63-ccdb05916ebe) successfully connected to voice chat
[16:08:44] [Server thread/INFO]: Bbsito lost connection: multiplayer.disconnect.generic
[16:08:44] [Server thread/INFO]: multiplayer.player.left
[16:08:44] [Server thread/INFO]: [voicechat] Disconnecting client Bbsito
[16:11:05] [Server thread/INFO]: Bbsito[/127.14.89.114:54771] logged in with entity id 1040 at (-35.5, 14.0, 163.5)
[16:11:05] [Server thread/INFO]: multiplayer.player.joined
[16:11:07] [Server thread/INFO]: [voicechat] Received secret request of Bbsito (18)
[16:11:07] [Server thread/INFO]: [voicechat] Sent secret to Bbsito
[16:11:09] [VoiceChatPacketProcessingThread/INFO]: [voicechat] Successfully authenticated player e316124a-721f-3a21-ab63-ccdb05916ebe
[16:11:10] [VoiceChatPacketProcessingThread/INFO]: [voicechat] Successfully validated connection of player e316124a-721f-3a21-ab63-ccdb05916ebe
[16:11:10] [VoiceChatPacketProcessingThread/INFO]: [voicechat] Player Bbsito (e316124a-721f-3a21-ab63-ccdb05916ebe) successfully connected to voice chat
[16:12:53] [Server thread/INFO]: Villager class_1646['entity.minecraft.villager.none'/1147, l='ServerLevel[Bayville]', x=-196.10, y=15.43, z=254.50] died, message: 'death.attack.genericKill'
[16:12:58] [Server thread/INFO]: Villager class_1646['entity.minecraft.villager.none'/1108, l='ServerLevel[Bayville]', x=22.91, y=15.20, z=78.80] died, message: 'death.attack.genericKill'
[16:14:43] [Server thread/INFO]: chat.type.admin
[16:14:48] [Server thread/INFO]: Villager class_1646['entity.minecraft.villager.none'/760, l='ServerLevel[Bayville]', x=3.22, y=3.00, z=158.49] died, message: 'death.attack.genericKill'
[16:14:48] [Server thread/INFO]: Villager class_1646['entity.minecraft.villager.none'/761, l='ServerLevel[Bayville]', x=-5.50, y=3.00, z=160.15] died, message: 'death.attack.genericKill'
[16:14:48] [Server thread/INFO]: Villager class_1646['entity.minecraft.villager.none'/762, l='ServerLevel[Bayville]', x=3.22, y=3.00, z=159.51] died, message: 'death.attack.genericKill'
[16:14:48] [Server thread/INFO]: Villager class_1646['entity.minecraft.villager.none'/763, l='ServerLevel[Bayville]', x=-8.08, y=3.00, z=163.10] died, message: 'death.attack.genericKill'
[16:14:54] [Server thread/INFO]: chat.type.admin
[16:17:23] [Server thread/INFO]: chat.type.admin
[16:17:26] [Server thread/INFO]: chat.type.admin
[16:17:28] [Server thread/INFO]: chat.type.admin
[16:17:42] [Server thread/INFO]: chat.type.admin
[16:18:52] [VoiceChatPacketProcessingThread/INFO]: [voicechat] Player e316124a-721f-3a21-ab63-ccdb05916ebe timed out
[16:18:52] [VoiceChatPacketProcessingThread/INFO]: [voicechat] Reconnecting player Bbsito
[16:18:52] [VoiceChatPacketProcessingThread/INFO]: [voicechat] Sent secret to Bbsito
[16:19:06] [Server thread/INFO]: Bbsito lost connection: disconnect.timeout
[16:19:06] [Server thread/INFO]: multiplayer.player.left
[16:19:06] [Server thread/INFO]: [voicechat] Disconnecting client Bbsito
[16:19:16] [Server thread/INFO]: Bbsito[/127.14.89.114:50367] logged in with entity id 1280 at (-75.69999998807907, 13.0, 269.69999998807907)
[16:19:16] [Server thread/INFO]: multiplayer.player.joined
[16:19:17] [Server thread/INFO]: [voicechat] Received secret request of Bbsito (18)
[16:19:17] [Server thread/INFO]: [voicechat] Sent secret to Bbsito
[16:19:17] [VoiceChatPacketProcessingThread/INFO]: [voicechat] Successfully authenticated player e316124a-721f-3a21-ab63-ccdb05916ebe
[16:19:18] [VoiceChatPacketProcessingThread/INFO]: [voicechat] Successfully validated connection of player e316124a-721f-3a21-ab63-ccdb05916ebe
[16:19:18] [VoiceChatPacketProcessingThread/INFO]: [voicechat] Player Bbsito (e316124a-721f-3a21-ab63-ccdb05916ebe) successfully connected to voice chat
[16:19:24] [Server thread/INFO]: chat.type.admin
[16:19:26] [Server thread/INFO]: chat.type.admin
[16:21:18] [Server thread/ERROR]: Display entityNot a string
[16:21:25] [Server thread/INFO]: chat.type.admin
[16:21:32] [Server thread/INFO]: chat.type.admin
[16:21:48] [Server thread/INFO]: chat.type.admin
[16:22:08] [Server thread/ERROR]: Display entityNot a string
[16:22:09] [Server thread/ERROR]: Display entityNot a string
[16:22:09] [Server thread/ERROR]: Display entityNot a string
[16:24:04] [VoiceChatPacketProcessingThread/INFO]: [voicechat] Player 5627dd98-e6be-3c21-b8a8-e92344183641 timed out
[16:24:04] [VoiceChatPacketProcessingThread/INFO]: [voicechat] Reconnecting player Steve
[16:24:04] [VoiceChatPacketProcessingThread/INFO]: [voicechat] Sent secret to Steve
[16:24:13] [Server thread/INFO]: Steve lost connection: disconnect.timeout
[16:24:13] [Server thread/INFO]: multiplayer.player.left
[16:24:13] [Server thread/INFO]: [voicechat] Disconnecting client Steve
[16:24:13] [Server thread/INFO]: Villager class_1646['entity.minecraft.villager.toolsmith'/1455, l='ServerLevel[Bayville]', x=-41.50, y=14.00, z=120.50] died, message: 'death.attack.genericKill'
[16:24:40] [Server thread/INFO]: chat.type.admin
[16:25:23] [VoiceChatPacketProcessingThread/INFO]: [voicechat] Player e316124a-721f-3a21-ab63-ccdb05916ebe timed out
[16:25:23] [VoiceChatPacketProcessingThread/INFO]: [voicechat] Reconnecting player Bbsito
[16:25:23] [VoiceChatPacketProcessingThread/INFO]: [voicechat] Sent secret to Bbsito
[16:25:32] [Server thread/INFO]: Bbsito lost connection: disconnect.timeout
[16:25:32] [Server thread/INFO]: multiplayer.player.left
[16:25:32] [Server thread/INFO]: [voicechat] Disconnecting client Bbsito
[16:25:54] [Server thread/INFO]: Bbsito[/127.14.89.114:48523] logged in with entity id 1634 at (173.4800929024194, 11.0, 232.86983573563805)
[16:25:54] [Server thread/INFO]: multiplayer.player.joined
[16:25:54] [Server thread/INFO]: [voicechat] Received secret request of Bbsito (18)
[16:25:54] [Server thread/INFO]: [voicechat] Sent secret to Bbsito
[16:25:55] [VoiceChatPacketProcessingThread/INFO]: [voicechat] Successfully authenticated player e316124a-721f-3a21-ab63-ccdb05916ebe
[16:25:56] [VoiceChatPacketProcessingThread/INFO]: [voicechat] Successfully validated connection of player e316124a-721f-3a21-ab63-ccdb05916ebe
[16:25:56] [VoiceChatPacketProcessingThread/INFO]: [voicechat] Player Bbsito (e316124a-721f-3a21-ab63-ccdb05916ebe) successfully connected to voice chat
[16:26:55] [VoiceChatPacketProcessingThread/INFO]: [voicechat] Player e316124a-721f-3a21-ab63-ccdb05916ebe timed out
[16:26:55] [VoiceChatPacketProcessingThread/INFO]: [voicechat] Reconnecting player Bbsito
[16:26:55] [VoiceChatPacketProcessingThread/INFO]: [voicechat] Sent secret to Bbsito
[16:27:09] [Server thread/INFO]: Bbsito lost connection: disconnect.timeout
[16:27:09] [Server thread/INFO]: multiplayer.player.left
[16:27:09] [Server thread/INFO]: [voicechat] Disconnecting client Bbsito
[16:27:28] [Server thread/ERROR]: Display entityNot a string
[16:27:28] [Server thread/ERROR]: Display entityNot a string
[16:27:28] [Server thread/ERROR]: Display entityNot a string
[16:29:13] [Server thread/INFO]: Steve[/127.14.89.114:56707] logged in with entity id 1841 at (-45.45630964737007, 14.0, 114.75309725990626)
[16:29:13] [Server thread/INFO]: multiplayer.player.joined
[16:29:15] [Server thread/INFO]: [voicechat] Received secret request of Steve (18)
[16:29:15] [Server thread/INFO]: [voicechat] Sent secret to Steve
[16:29:21] [VoiceChatPacketProcessingThread/INFO]: [voicechat] Successfully authenticated player 5627dd98-e6be-3c21-b8a8-e92344183641
[16:29:22] [VoiceChatPacketProcessingThread/INFO]: [voicechat] Successfully validated connection of player 5627dd98-e6be-3c21-b8a8-e92344183641
[16:29:22] [VoiceChatPacketProcessingThread/INFO]: [voicechat] Player Steve (5627dd98-e6be-3c21-b8a8-e92344183641) successfully connected to voice chat
[16:29:30] [Server thread/INFO]: Bbsito[/127.14.89.114:60279] logged in with entity id 1871 at (167.31546909600425, 12.168749952316285, 241.68476717293288)
[16:29:30] [Server thread/INFO]: multiplayer.player.joined
[16:29:32] [Server thread/INFO]: [voicechat] Received secret request of Bbsito (18)
[16:29:32] [Server thread/INFO]: [voicechat] Sent secret to Bbsito
[16:29:33] [VoiceChatPacketProcessingThread/INFO]: [voicechat] Successfully authenticated player e316124a-721f-3a21-ab63-ccdb05916ebe
[16:29:34] [VoiceChatPacketProcessingThread/INFO]: [voicechat] Successfully validated connection of player e316124a-721f-3a21-ab63-ccdb05916ebe
[16:29:34] [VoiceChatPacketProcessingThread/INFO]: [voicechat] Player Bbsito (e316124a-721f-3a21-ab63-ccdb05916ebe) successfully connected to voice chat
[16:29:39] [Server thread/INFO]: Villager class_1646['entity.minecraft.villager.toolsmith'/1896, l='ServerLevel[Bayville]', x=-41.50, y=14.00, z=120.50] died, message: 'death.attack.genericKill'
[16:29:47] [Server thread/INFO]: Villager class_1646['entity.minecraft.villager.toolsmith'/1917, l='ServerLevel[Bayville]', x=-41.50, y=14.00, z=120.50] died, message: 'death.attack.genericKill'
[16:31:49] [Server thread/ERROR]: Display entityNot a string
[16:31:49] [Server thread/ERROR]: Display entityNot a string
[16:31:49] [Server thread/ERROR]: Display entityNot a string
[16:31:49] [Server thread/ERROR]: Display entityNot a string
[16:31:49] [Server thread/ERROR]: Display entityNot a string
[16:31:49] [Server thread/ERROR]: Display entityNot a string
[16:31:49] [Server thread/ERROR]: Display entityNot a string
[16:31:49] [Server thread/ERROR]: Display entityNot a string
[16:31:49] [Server thread/ERROR]: Display entityNot a string
[16:31:49] [Server thread/ERROR]: Display entityNot a string
[16:31:49] [Server thread/ERROR]: Display entityNot a string
[16:31:49] [Server thread/ERROR]: Display entityNot a string
[16:31:49] [Server thread/ERROR]: Display entityNot a string
[16:31:49] [Server thread/ERROR]: Display entityNot a string
[16:31:49] [Server thread/ERROR]: Display entityNot a string
[16:31:49] [Server thread/ERROR]: Display entityNot a string
[16:31:49] [Server thread/ERROR]: Display entityNot a string
[16:31:49] [Server thread/ERROR]: Display entityNot a string
[16:31:49] [Server thread/ERROR]: Display entityNot a string
[16:31:49] [Server thread/ERROR]: Display entityNot a string
[16:31:49] [Server thread/ERROR]: Display entityNot a string
[16:31:49] [Server thread/ERROR]: Display entityNot a string
[16:31:49] [Server thread/ERROR]: Display entityNot a string
[16:31:49] [Server thread/ERROR]: Display entityNot a string
[16:31:49] [Server thread/ERROR]: Display entityNot a string
[16:31:49] [Server thread/ERROR]: Display entityNot a string
[16:31:49] [Server thread/ERROR]: Display entityNot a string
[16:31:49] [Server thread/ERROR]: Display entityNot a string
[16:31:49] [Server thread/ERROR]: Display entityNot a string
[16:31:49] [Server thread/ERROR]: Display entityNot a string
[16:31:49] [Server thread/ERROR]: Display entityNot a string
[16:31:49] [Server thread/ERROR]: Display entityNot a string
[16:31:49] [Server thread/ERROR]: Display entityNot a string
[16:31:49] [Server thread/ERROR]: Display entityNot a string
[16:31:49] [Server thread/ERROR]: Display entityNot a string
[16:31:49] [Server thread/ERROR]: Display entityNot a string
[16:31:49] [Server thread/ERROR]: Display entityNot a string
[16:31:49] [Server thread/ERROR]: Display entityNot a string
[16:31:49] [Server thread/ERROR]: Display entityNot a string
[16:31:49] [Server thread/ERROR]: Display entityNot a string
[16:31:49] [Server thread/ERROR]: Display entityNot a string
[16:31:49] [Server thread/ERROR]: Display entityNot a string
[16:31:49] [Server thread/ERROR]: Display entityNot a string
[16:31:49] [Server thread/ERROR]: Display entityNot a string
[16:31:49] [Server thread/ERROR]: Display entityNot a string
[16:31:49] [Server thread/ERROR]: Display entityNot a string
[16:31:49] [Server thread/ERROR]: Display entityNot a string
[16:31:49] [Server thread/ERROR]: Display entityNot a string
[16:31:49] [Server thread/ERROR]: Display entityNot a string
[16:31:49] [Server thread/ERROR]: Display entityNot a string
[16:31:49] [Server thread/ERROR]: Display entityNot a string
[16:31:49] [Server thread/ERROR]: Display entityNot a string
[16:31:49] [Server thread/ERROR]: Display entityNot a string
[16:31:49] [Server thread/ERROR]: Display entityNot a string
[16:31:49] [Server thread/ERROR]: Display entityNot a string
[16:31:49] [Server thread/ERROR]: Display entityNot a string
[16:31:49] [Server thread/ERROR]: Display entityNot a string
[16:31:49] [Server thread/ERROR]: Display entityNot a string
[16:31:51] [Server thread/ERROR]: Display entityNot a string
[16:32:14] [Server thread/ERROR]: Display entityNot a string
[16:33:08] [Server thread/ERROR]: Display entityNot a string
[16:34:19] [Server thread/WARN]: Unable to load item from: {Count:1b,id:"minecraft:air",tag:{Damage:14,Unbreakable:1b,display:{Lore:['{"text":"Single Room"}'],Name:'{"text":"Single Room Key (103)","color":"gold"}'}}}
[16:34:24] [Server thread/WARN]: Unable to load item from: {Count:1b,id:"minecraft:air",tag:{Damage:14,Unbreakable:1b,display:{Lore:['{"text":"Single Room"}'],Name:'{"text":"Single Room Key (103)","color":"gold"}'}}}
[16:34:34] [Server thread/WARN]: Unable to load item from: {Count:1b,id:"minecraft:air",tag:{Damage:14,Unbreakable:1b,display:{Lore:['{"text":"Single Room"}'],Name:'{"text":"Single Room Key (103)","color":"gold"}'}}}
[16:34:44] [Server thread/WARN]: Unable to load item from: {Count:1b,id:"minecraft:air",tag:{Damage:14,Unbreakable:1b,display:{Lore:['{"text":"Single Room"}'],Name:'{"text":"Single Room Key (103)","color":"gold"}'}}}
[16:35:47] [Server thread/INFO]: Named entity class_1428['Luggage'/2437, l='ServerLevel[Bayville]', x=157.50, y=5.50, z=281.50] died: death.attack.genericKill
[16:36:30] [Server thread/WARN]: Unable to load item from: {Count:1b,id:"minecraft:air",tag:{Damage:14,Unbreakable:1b,display:{Lore:['{"text":"Double Room"}'],Name:'{"text":"Double Room Key (201)","color":"gold"}'}}}
[16:36:30] [Server thread/INFO]: Villager class_1646['entity.minecraft.villager.none'/2479, l='ServerLevel[Bayville]', x=-196.10, y=15.43, z=254.50] died, message: 'death.attack.genericKill'
[16:36:45] [VoiceChatPacketProcessingThread/INFO]: [voicechat] Player e316124a-721f-3a21-ab63-ccdb05916ebe timed out
[16:36:45] [VoiceChatPacketProcessingThread/INFO]: [voicechat] Reconnecting player Bbsito
[16:36:45] [VoiceChatPacketProcessingThread/INFO]: [voicechat] Sent secret to Bbsito
[16:37:00] [Server thread/INFO]: Bbsito lost connection: disconnect.timeout
[16:37:00] [Server thread/INFO]: multiplayer.player.left
[16:37:00] [Server thread/INFO]: [voicechat] Disconnecting client Bbsito
[16:37:14] [Server thread/INFO]: Bbsito[/127.14.89.114:56911] logged in with entity id 2594 at (148.5217126198798, 11.0, 296.8245224143675)
[16:37:14] [Server thread/INFO]: multiplayer.player.joined
[16:37:14] [Server thread/INFO]: [voicechat] Received secret request of Bbsito (18)
[16:37:14] [Server thread/INFO]: [voicechat] Sent secret to Bbsito
[16:37:15] [VoiceChatPacketProcessingThread/INFO]: [voicechat] Successfully authenticated player e316124a-721f-3a21-ab63-ccdb05916ebe
[16:37:16] [VoiceChatPacketProcessingThread/INFO]: [voicechat] Successfully validated connection of player e316124a-721f-3a21-ab63-ccdb05916ebe
[16:37:16] [VoiceChatPacketProcessingThread/INFO]: [voicechat] Player Bbsito (e316124a-721f-3a21-ab63-ccdb05916ebe) successfully connected to voice chat
[16:37:30] [Server thread/INFO]: Steve lost connection: multiplayer.disconnect.duplicate_login
[16:37:30] [Server thread/INFO]: multiplayer.player.left
[16:37:30] [Server thread/INFO]: [voicechat] Disconnecting client Steve
[16:37:32] [Server thread/INFO]: Steve[/127.199.41.178:38021] logged in with entity id 2612 at (54.31762015317877, 14.524424088213681, 219.6938753921927)
[16:37:32] [Server thread/INFO]: multiplayer.player.joined
[16:37:39] [Server thread/INFO]: [voicechat] Received secret request of Steve (18)
[16:37:39] [Server thread/INFO]: [voicechat] Sent secret to Steve
[16:37:41] [VoiceChatPacketProcessingThread/INFO]: [voicechat] Successfully authenticated player 5627dd98-e6be-3c21-b8a8-e92344183641
[16:37:42] [VoiceChatPacketProcessingThread/INFO]: [voicechat] Successfully validated connection of player 5627dd98-e6be-3c21-b8a8-e92344183641
[16:37:42] [VoiceChatPacketProcessingThread/INFO]: [voicechat] Player Steve (5627dd98-e6be-3c21-b8a8-e92344183641) successfully connected to voice chat
[16:39:42] [Server thread/INFO]: Villager class_1646['entity.minecraft.villager.none'/2677, l='ServerLevel[Bayville]', x=44.48, y=15.20, z=74.50] died, message: 'death.attack.genericKill'
[16:40:03] [Server thread/INFO]: Steve lost connection: multiplayer.disconnect.duplicate_login
[16:40:03] [Server thread/INFO]: multiplayer.player.left
[16:40:03] [Server thread/INFO]: [voicechat] Disconnecting client Steve
[16:40:04] [Server thread/INFO]: Steve[/127.14.89.114:34005] logged in with entity id 2746 at (-52.01839773266105, 12.0, 249.93384383005684)
[16:40:04] [Server thread/INFO]: multiplayer.player.joined
[16:40:06] [Server thread/INFO]: [voicechat] Received secret request of Steve (18)
[16:40:06] [Server thread/INFO]: [voicechat] Sent secret to Steve
[16:40:09] [VoiceChatPacketProcessingThread/INFO]: [voicechat] Successfully authenticated player 5627dd98-e6be-3c21-b8a8-e92344183641
[16:40:10] [VoiceChatPacketProcessingThread/INFO]: [voicechat] Successfully validated connection of player 5627dd98-e6be-3c21-b8a8-e92344183641
[16:40:10] [VoiceChatPacketProcessingThread/INFO]: [voicechat] Player Steve (5627dd98-e6be-3c21-b8a8-e92344183641) successfully connected to voice chat
[16:40:20] [Server thread/INFO]: Steve lost connection: multiplayer.disconnect.generic
[16:40:20] [Server thread/INFO]: multiplayer.player.left
[16:40:20] [Server thread/INFO]: [voicechat] Disconnecting client Steve
[16:40:31] [Server thread/ERROR]: Display entityNot a string
[16:40:34] [Server thread/INFO]: Steve[/127.199.41.178:56355] logged in with entity id 2795 at (-52.01839773266105, 12.0, 249.93384383005684)
[16:40:34] [Server thread/INFO]: multiplayer.player.joined
[16:40:37] [Server thread/INFO]: [voicechat] Received secret request of Steve (18)
[16:40:37] [Server thread/INFO]: [voicechat] Sent secret to Steve
[16:40:38] [VoiceChatPacketProcessingThread/INFO]: [voicechat] Successfully authenticated player 5627dd98-e6be-3c21-b8a8-e92344183641
[16:40:39] [VoiceChatPacketProcessingThread/INFO]: [voicechat] Successfully validated connection of player 5627dd98-e6be-3c21-b8a8-e92344183641
[16:40:39] [VoiceChatPacketProcessingThread/INFO]: [voicechat] Player Steve (5627dd98-e6be-3c21-b8a8-e92344183641) successfully connected to voice chat
[16:42:30] [Server thread/INFO]: chat.type.admin
[16:42:36] [Server thread/ERROR]: Display entityNot a string
[16:42:40] [Server thread/INFO]: PEPE[/127.14.89.114:46355] logged in with entity id 2968 at (-32.5, 13.0, 194.5)
[16:42:40] [Server thread/INFO]: multiplayer.player.joined
[16:42:41] [Server thread/INFO]: chat.type.admin
[16:42:42] [Server thread/INFO]: [voicechat] Received secret request of PEPE (18)
[16:42:42] [Server thread/INFO]: [voicechat] Sent secret to PEPE
[16:42:49] [VoiceChatPacketProcessingThread/INFO]: [voicechat] Successfully authenticated player 7a067f19-b48d-3c6e-9039-8f37f64def1f
[16:42:50] [VoiceChatPacketProcessingThread/INFO]: [voicechat] Successfully validated connection of player 7a067f19-b48d-3c6e-9039-8f37f64def1f
[16:42:50] [VoiceChatPacketProcessingThread/INFO]: [voicechat] Player PEPE (7a067f19-b48d-3c6e-9039-8f37f64def1f) successfully connected to voice chat
[16:42:56] [Server thread/INFO]: chat.type.admin
[16:42:57] [Server thread/ERROR]: Display entityNot a string
[16:42:57] [Server thread/ERROR]: Display entityNot a string
[16:42:57] [Server thread/ERROR]: Display entityNot a string
[16:43:04] [Server thread/INFO]: chat.type.admin
[16:43:31] [Server thread/INFO]: chat.type.admin
[16:44:46] [Server thread/INFO]: Villager class_1646['entity.minecraft.villager.none'/3241, l='ServerLevel[Bayville]', x=-196.10, y=15.43, z=254.50] died, message: 'death.attack.genericKill'
[16:44:49] [Server thread/INFO]: chat.type.advancement.goal
[16:45:07] [Server thread/INFO]: Villager class_1646['entity.minecraft.villager.fisherman'/3418, l='ServerLevel[Bayville]', x=95.50, y=13.10, z=-58.50] died, message: 'death.attack.genericKill'
[16:45:29] [Server thread/ERROR]: Display entityNot a string
[16:45:46] [Server thread/INFO]: Villager class_1646['entity.minecraft.villager.none'/3198, l='ServerLevel[Bayville]', x=156.50, y=16.20, z=-265.24] died, message: 'death.attack.genericKill'
[16:46:22] [Server thread/INFO]: Villager class_1646['entity.minecraft.villager.weaponsmith'/3505, l='ServerLevel[Bayville]', x=48.50, y=13.00, z=274.50] died, message: 'death.attack.genericKill'
[16:46:22] [Server thread/INFO]: Villager class_1646['entity.minecraft.villager.cartographer'/3521, l='ServerLevel[Bayville]', x=46.50, y=12.90, z=262.50] died, message: 'death.attack.genericKill'
[16:46:36] [Server thread/INFO]: chat.type.admin
[16:46:41] [Server thread/INFO]: Villager class_1646['entity.minecraft.villager.none'/1928, l='ServerLevel[Bayville]', x=0.73, y=3.00, z=159.51] died, message: 'death.attack.genericKill'
[16:46:41] [Server thread/INFO]: Villager class_1646['entity.minecraft.villager.none'/1929, l='ServerLevel[Bayville]', x=-24.57, y=3.00, z=158.23] died, message: 'death.attack.genericKill'
[16:46:41] [Server thread/INFO]: Villager class_1646['entity.minecraft.villager.none'/1930, l='ServerLevel[Bayville]', x=0.79, y=3.00, z=158.65] died, message: 'death.attack.genericKill'
[16:46:41] [Server thread/INFO]: Villager class_1646['entity.minecraft.villager.none'/1931, l='ServerLevel[Bayville]', x=3.22, y=3.00, z=159.51] died, message: 'death.attack.genericKill'
[16:46:41] [Server thread/INFO]: Villager class_1646['entity.minecraft.villager.none'/1932, l='ServerLevel[Bayville]', x=3.78, y=3.00, z=160.16] died, message: 'death.attack.genericKill'
[16:47:45] [Server thread/ERROR]: Display entityNot a string
[16:47:56] [Server thread/INFO]: chat.type.admin
[16:48:11] [Server thread/INFO]: Villager class_1646['entity.minecraft.villager.butcher'/3639, l='ServerLevel[Bayville]', x=186.50, y=11.90, z=268.50] died, message: 'death.attack.genericKill'
[16:48:11] [Server thread/INFO]: Villager class_1646['entity.minecraft.villager.none'/3656, l='ServerLevel[Bayville]', x=192.18, y=10.90, z=283.23] died, message: 'death.attack.genericKill'
[16:48:11] [Server thread/INFO]: Villager class_1646['entity.minecraft.villager.none'/3657, l='ServerLevel[Bayville]', x=183.55, y=11.90, z=265.50] died, message: 'death.attack.genericKill'
[16:48:11] [Server thread/INFO]: Villager class_1646['entity.minecraft.villager.cartographer'/3658, l='ServerLevel[Bayville]', x=183.51, y=10.90, z=261.30] died, message: 'death.attack.genericKill'
[16:48:11] [Server thread/INFO]: Villager class_1646['entity.minecraft.villager.none'/3659, l='ServerLevel[Bayville]', x=182.50, y=10.90, z=271.50] died, message: 'death.attack.genericKill'
[16:48:11] [Server thread/INFO]: Villager class_1646['entity.minecraft.villager.armorer'/3660, l='ServerLevel[Bayville]', x=213.24, y=10.90, z=244.50] died, message: 'death.attack.genericKill'
[16:48:11] [Server thread/INFO]: Villager class_1646['entity.minecraft.villager.armorer'/3661, l='ServerLevel[Bayville]', x=187.50, y=10.90, z=275.50] died, message: 'death.attack.genericKill'
[16:48:11] [Server thread/INFO]: Villager class_1646['entity.minecraft.villager.none'/3662, l='ServerLevel[Bayville]', x=193.50, y=10.90, z=254.50] died, message: 'death.attack.genericKill'
[16:48:41] [Server thread/INFO]: Villager class_1646['entity.minecraft.villager.none'/3663, l='ServerLevel[Bayville]', x=-20.50, y=12.90, z=20.50] died, message: 'death.attack.genericKill'
[16:49:06] [Server thread/ERROR]: Display entityNot a string
[16:49:21] [Server thread/INFO]: chat.type.admin
[16:49:27] [Server thread/INFO]: chat.type.admin
[16:50:02] [Server thread/INFO]: chat.type.admin
[16:50:06] [Server thread/INFO]: chat.type.admin
[16:52:00] [VoiceChatPacketProcessingThread/INFO]: [voicechat] Player 7a067f19-b48d-3c6e-9039-8f37f64def1f timed out
[16:52:00] [VoiceChatPacketProcessingThread/INFO]: [voicechat] Reconnecting player PEPE
[16:52:00] [VoiceChatPacketProcessingThread/INFO]: [voicechat] Sent secret to PEPE
[16:52:11] [Server thread/INFO]: PEPE lost connection: disconnect.timeout
[16:52:11] [Server thread/INFO]: multiplayer.player.left
[16:52:11] [Server thread/INFO]: [voicechat] Disconnecting client PEPE
[16:52:35] [Server thread/INFO]: chat.type.admin
[16:52:35] [Server thread/INFO]: chat.type.admin
[16:52:36] [Server thread/INFO]: chat.type.admin
[16:52:39] [Server thread/INFO]: chat.type.admin
[16:55:18] [Server thread/ERROR]: Display entityNot a string
[16:55:18] [Server thread/ERROR]: Display entityNot a string
[16:55:18] [Server thread/ERROR]: Display entityNot a string
